{
  "test_t1_01_admin_verification_of_favourite_button_under_companies_in_benchsale": [
    {
      "test_name": "test_t1_01_admin_verification_of_favourite_button_under_companies_in_benchsale",
      "status": "PASS",
      "date": "2026-01-26",
      "datetime": "2026-01-26T00:02:11 to 2026-01-26T00:04:25",
      "start_time": "20260126 00:03:42.157",
      "end_time": "20260126 00:04:25.173",
      "running_time": "00:00:13.225",
      "failure_message": "",
      "error_details": "",
      "line_no": 14874
    },
    {
      "test_name": "test_t1_01_admin_verification_of_favourite_button_under_companies_in_benchsale",
      "status": "PASS",
      "date": "2026-01-25",
      "datetime": "2026-01-25T00:02:11 to 2026-01-25T00:05:34",
      "start_time": "20260125 00:04:21.320",
      "end_time": "20260125 00:05:34.256",
      "running_time": "00:00:12.680",
      "failure_message": "",
      "error_details": "",
      "line_no": 14445
    },
    {
      "test_name": "test_t1_01_admin_verification_of_favourite_button_under_companies_in_benchsale",
      "status": "PASS",
      "date": "2026-01-23",
      "datetime": "2026-01-23T14:37:53 to 2026-01-23T14:39:35",
      "start_time": "20260123 14:39:01.196",
      "end_time": "20260123 14:39:35.598",
      "running_time": "00:00:13.185",
      "failure_message": "",
      "error_details": "",
      "line_no": 13549
    },
    {
      "test_name": "test_t1_01_admin_verification_of_favourite_button_under_companies_in_benchsale",
      "status": "PASS",
      "date": "2026-01-22",
      "datetime": "2026-01-22T00:02:21 to 2026-01-22T00:05:14",
      "start_time": "20260122 00:03:42.118",
      "end_time": "20260122 00:05:14.748",
      "running_time": "00:00:15.021",
      "failure_message": "",
      "error_details": "",
      "line_no": 10132
    },
    {
      "test_name": "test_t1_01_admin_verification_of_favourite_button_under_companies_in_benchsale",
      "status": "PASS",
      "date": "2026-01-21",
      "datetime": "2026-01-21T00:02:10 to 2026-01-21T00:03:46",
      "start_time": "20260121 00:03:08.166",
      "end_time": "20260121 00:03:46.001",
      "running_time": "00:00:12.803",
      "failure_message": "",
      "error_details": "",
      "line_no": 8427
    }
  ],
  "test_t1_02_admin_verification_of_adding_recruiter_in_benchsale": [
    {
      "test_name": "test_t1_02_admin_verification_of_adding_recruiter_in_benchsale",
      "status": "PASS",
      "date": "2026-01-26",
      "datetime": "2026-01-26T00:03:42 to 2026-01-26T00:07:08",
      "start_time": "20260126 00:04:37.530",
      "end_time": "20260126 00:07:08.705",
      "running_time": "00:01:12.447",
      "failure_message": "",
      "error_details": "",
      "line_no": 14907
    },
    {
      "test_name": "test_t1_02_admin_verification_of_adding_recruiter_in_benchsale",
      "status": "PASS",
      "date": "2026-01-25",
      "datetime": "2026-01-25T00:04:21 to 2026-01-25T00:08:20",
      "start_time": "20260125 00:05:46.306",
      "end_time": "20260125 00:08:20.194",
      "running_time": "00:01:03.155",
      "failure_message": "",
      "error_details": "",
      "line_no": 14478
    },
    {
      "test_name": "test_t1_02_admin_verification_of_adding_recruiter_in_benchsale",
      "status": "PASS",
      "date": "2026-01-24",
      "datetime": "2026-01-24T00:03:22 to 2026-01-24T00:06:31",
      "start_time": "20260124 00:04:16.590",
      "end_time": "20260124 00:06:31.765",
      "running_time": "00:00:53.423",
      "failure_message": "",
      "error_details": "",
      "line_no": 14028
    },
    {
      "test_name": "test_t1_02_admin_verification_of_adding_recruiter_in_benchsale",
      "status": "PASS",
      "date": "2026-01-23",
      "datetime": "2026-01-23T14:39:01 to 2026-01-23T14:41:28",
      "start_time": "20260123 14:39:47.747",
      "end_time": "20260123 14:41:28.361",
      "running_time": "00:01:03.324",
      "failure_message": "",
      "error_details": "",
      "line_no": 12279
    },
    {
      "test_name": "test_t1_02_admin_verification_of_adding_recruiter_in_benchsale",
      "status": "PASS",
      "date": "2026-01-22",
      "datetime": "2026-01-22T00:03:42 to 2026-01-22T00:07:48",
      "start_time": "20260122 00:05:28.450",
      "end_time": "20260122 00:07:48.093",
      "running_time": "00:01:38.584",
      "failure_message": "",
      "error_details": "",
      "line_no": 10163
    },
    {
      "test_name": "test_t1_02_admin_verification_of_adding_recruiter_in_benchsale",
      "status": "PASS",
      "date": "2026-01-21",
      "datetime": "2026-01-21T00:03:08 to 2026-01-21T00:06:19",
      "start_time": "20260121 00:03:47.944",
      "end_time": "20260121 00:06:19.209",
      "running_time": "00:01:05.026",
      "failure_message": "",
      "error_details": "",
      "line_no": 8459
    },
    {
      "test_name": "test_t1_02_admin_verification_of_adding_recruiter_in_benchsale",
      "status": "PASS",
      "date": "2026-01-20",
      "datetime": "2026-01-20T00:02:57 to 2026-01-20T00:04:28",
      "start_time": "20260120 00:03:34.104",
      "end_time": "20260120 00:04:28.624",
      "running_time": "00:00:33.295",
      "failure_message": "",
      "error_details": "",
      "line_no": 5621
    }
  ],
  "test_t1_03_admin_verification_of_adding_candidates_in_benchsale": [
    {
      "test_name": "test_t1_03_admin_verification_of_adding_candidates_in_benchsale",
      "status": "PASS",
      "date": "2026-01-26",
      "datetime": "2026-01-26T00:04:37 to 2026-01-26T00:07:56",
      "start_time": "20260126 00:07:20.957",
      "end_time": "20260126 00:07:56.574",
      "running_time": "00:00:13.139",
      "failure_message": "",
      "error_details": "",
      "line_no": 14940
    },
    {
      "test_name": "test_t1_03_admin_verification_of_adding_candidates_in_benchsale",
      "status": "PASS",
      "date": "2026-01-25",
      "datetime": "2026-01-25T00:05:46 to 2026-01-25T00:10:00",
      "start_time": "20260125 00:08:32.417",
      "end_time": "20260125 00:10:00.152",
      "running_time": "00:01:03.698",
      "failure_message": "",
      "error_details": "",
      "line_no": 14512
    },
    {
      "test_name": "test_t1_03_admin_verification_of_adding_candidates_in_benchsale",
      "status": "PASS",
      "date": "2026-01-24",
      "datetime": "2026-01-24T00:04:16 to 2026-01-24T00:09:12",
      "start_time": "20260124 00:06:43.927",
      "end_time": "20260124 00:09:12.035",
      "running_time": "00:01:02.661",
      "failure_message": "",
      "error_details": "",
      "line_no": 14062
    },
    {
      "test_name": "test_t1_03_admin_verification_of_adding_candidates_in_benchsale",
      "status": "PASS",
      "date": "2026-01-23",
      "datetime": "2026-01-23T14:39:47 to 2026-01-23T14:42:47",
      "start_time": "20260123 14:41:40.564",
      "end_time": "20260123 14:42:47.941",
      "running_time": "00:00:13.322",
      "failure_message": "",
      "error_details": "",
      "line_no": 12312
    },
    {
      "test_name": "test_t1_03_admin_verification_of_adding_candidates_in_benchsale",
      "status": "PASS",
      "date": "2026-01-22",
      "datetime": "2026-01-22T15:48:31 to 2026-01-23T00:04:30",
      "start_time": "20260123 00:03:38.494",
      "end_time": "20260123 00:04:30.905",
      "running_time": "00:00:14.797",
      "failure_message": "Message: tests\\benchsale\\test_benchsale_admin_test_cases.py:599: in test_t1_03_admin_verification_of_adding_candidates_in_benchsale\npage.wait_for_selector(f\"text={candidate_display}\", timeout=30000)\n.venv\\lib\\site-packages\\playwright\\sync_api\\_generated.py:8169: in wait_for_selector\nself._sync(\n.venv\\lib\\site-packages\\playwright\\_impl\\_page.py:424: in wait_for_selector\nreturn await self._main_frame.wait_for_selector(**locals_to_params(locals()))\n.venv\\lib\\site-packages\\playwright\\_impl\\_frame.py:323: in wait_for_selector\nawait self._channel.send(\"waitForSelector\", locals_to_params(locals()))\n.venv\\lib\\site-packages\\playwright\\_impl\\_connection.py:61: in send\nreturn await self._connection.wrap_api_call(",
      "error_details": "Message: tests\\benchsale\\test_benchsale_admin_test_cases.py:599: in test_t1_03_admin_verification_of_adding_candidates_in_benchsale\npage.wait_for_selector(f\"text={candidate_display}\", timeout=30000)\n.venv\\lib\\site-packages\\playwright\\sync_api\\_generated.py:8169: in wait_for_selector\nself._sync(\n.venv\\lib\\site-packages\\playwright\\_impl\\_page.py:424: in wait_for_selector\nreturn await self._main_frame.wait_for_selector(**locals_to_params(locals()))\n.venv\\lib\\site-packages\\playwright\\_impl\\_frame.py:323: in wait_for_selector\nawait self._channel.send(\"waitForSelector\", locals_to_params(locals()))\n.venv\\lib\\site-packages\\playwright\\_impl\\_connection.py:61: in send\nreturn await self._connection.wrap_api_call(",
      "line_no": 10191
    },
    {
      "test_name": "test_t1_03_admin_verification_of_adding_candidates_in_benchsale",
      "status": "PASS",
      "date": "2026-01-21",
      "datetime": "2026-01-21T00:03:47 to 2026-01-21T00:07:03",
      "start_time": "20260121 00:06:21.205",
      "end_time": "20260121 00:07:03.722",
      "running_time": "00:00:13.328",
      "failure_message": "",
      "error_details": "",
      "line_no": 8492
    },
    {
      "test_name": "test_t1_03_admin_verification_of_adding_candidates_in_benchsale",
      "status": "PASS",
      "date": "2026-01-20",
      "datetime": "2026-01-20T11:18:03 to 2026-01-20T11:19:25",
      "start_time": "20260120 11:18:02.803",
      "end_time": "20260120 11:19:25.448",
      "running_time": "00:01:22.645",
      "failure_message": "Message: tests\\benchsale\\test_benchsale_admin_test_cases.py:549: in test_t1_03_admin_verification_of_adding_candidates_in_benchsale\ntoast.wait_for(state=\"visible\", timeout=30000)\n.venv\\lib\\site-packages\\playwright\\sync_api\\_generated.py:17843: in wait_for\nself._sync(self._impl_obj.wait_for(timeout=timeout, state=state))\n.venv\\lib\\site-packages\\playwright\\_impl\\_locator.py:679: in wait_for\nawait self._frame.wait_for_selector(\n.venv\\lib\\site-packages\\playwright\\_impl\\_frame.py:323: in wait_for_selector\nawait self._channel.send(\"waitForSelector\", locals_to_params(locals()))\n.venv\\lib\\site-packages\\playwright\\_impl\\_connection.py:61: in send\nreturn await self._connection.wrap_api_call(",
      "error_details": "Message: tests\\benchsale\\test_benchsale_admin_test_cases.py:549: in test_t1_03_admin_verification_of_adding_candidates_in_benchsale\ntoast.wait_for(state=\"visible\", timeout=30000)\n.venv\\lib\\site-packages\\playwright\\sync_api\\_generated.py:17843: in wait_for\nself._sync(self._impl_obj.wait_for(timeout=timeout, state=state))\n.venv\\lib\\site-packages\\playwright\\_impl\\_locator.py:679: in wait_for\nawait self._frame.wait_for_selector(\n.venv\\lib\\site-packages\\playwright\\_impl\\_frame.py:323: in wait_for_selector\nawait self._channel.send(\"waitForSelector\", locals_to_params(locals()))\n.venv\\lib\\site-packages\\playwright\\_impl\\_connection.py:61: in send\nreturn await self._connection.wrap_api_call(",
      "line_no": 5649
    }
  ],
  "test_t1_04_admin_verification_of_allocating_candidate_under_recruiter_in_benchsale": [
    {
      "test_name": "test_t1_04_admin_verification_of_allocating_candidate_under_recruiter_in_benchsale",
      "status": "PASS",
      "date": "2026-01-26",
      "datetime": "2026-01-26T00:07:20 to 2026-01-26T00:12:06",
      "start_time": "20260126 00:09:36.539",
      "end_time": "20260126 00:12:06.720",
      "running_time": "00:00:17.127",
      "failure_message": "",
      "error_details": "",
      "line_no": 14975
    },
    {
      "test_name": "test_t1_04_admin_verification_of_allocating_candidate_under_recruiter_in_benchsale",
      "status": "PASS",
      "date": "2026-01-25",
      "datetime": "2026-01-25T00:08:32 to 2026-01-25T00:11:10",
      "start_time": "20260125 00:10:12.197",
      "end_time": "20260125 00:11:10.214",
      "running_time": "00:00:25.108",
      "failure_message": "",
      "error_details": "",
      "line_no": 14547
    },
    {
      "test_name": "test_t1_04_admin_verification_of_allocating_candidate_under_recruiter_in_benchsale",
      "status": "PASS",
      "date": "2026-01-24",
      "datetime": "2026-01-24T00:06:43 to 2026-01-24T00:10:14",
      "start_time": "20260124 00:09:24.081",
      "end_time": "20260124 00:10:14.873",
      "running_time": "00:00:25.009",
      "failure_message": "",
      "error_details": "",
      "line_no": 14096
    },
    {
      "test_name": "test_t1_04_admin_verification_of_allocating_candidate_under_recruiter_in_benchsale",
      "status": "PASS",
      "date": "2026-01-23",
      "datetime": "2026-01-23T14:41:40 to 2026-01-23T14:43:51",
      "start_time": "20260123 14:43:00.004",
      "end_time": "20260123 14:43:51.156",
      "running_time": "00:00:26.227",
      "failure_message": "",
      "error_details": "",
      "line_no": 12347
    },
    {
      "test_name": "test_t1_04_admin_verification_of_allocating_candidate_under_recruiter_in_benchsale",
      "status": "PASS",
      "date": "2026-01-22",
      "datetime": "2026-01-22T00:08:00 to 2026-01-22T00:10:34",
      "start_time": "20260122 00:08:44.083",
      "end_time": "20260122 00:10:34.832",
      "running_time": "00:00:25.705",
      "failure_message": "",
      "error_details": "",
      "line_no": 10265
    },
    {
      "test_name": "test_t1_04_admin_verification_of_allocating_candidate_under_recruiter_in_benchsale",
      "status": "PASS",
      "date": "2026-01-21",
      "datetime": "2026-01-21T00:06:21 to 2026-01-21T00:08:42",
      "start_time": "20260121 00:07:05.688",
      "end_time": "20260121 00:08:42.547",
      "running_time": "00:00:25.304",
      "failure_message": "",
      "error_details": "",
      "line_no": 8524
    },
    {
      "test_name": "test_t1_04_admin_verification_of_allocating_candidate_under_recruiter_in_benchsale",
      "status": "PASS",
      "date": "2026-01-20",
      "datetime": "2026-01-20T00:04:30 to 2026-01-20T00:06:57",
      "start_time": "20260120 00:05:57.369",
      "end_time": "20260120 00:06:57.022",
      "running_time": "00:00:28.676",
      "failure_message": "",
      "error_details": "",
      "line_no": 5721
    }
  ],
  "test_t1_05_admin_verification_of_sources_in_benchsale": [
    {
      "test_name": "test_t1_05_admin_verification_of_sources_in_benchsale",
      "status": "PASS",
      "date": "2026-01-25",
      "datetime": "2026-01-25T00:10:12 to 2026-01-25T00:14:38",
      "start_time": "20260125 00:13:52.194",
      "end_time": "20260125 00:14:38.123",
      "running_time": "00:00:14.316",
      "failure_message": "",
      "error_details": "",
      "line_no": 14580
    },
    {
      "test_name": "test_t1_05_admin_verification_of_sources_in_benchsale",
      "status": "PASS",
      "date": "2026-01-24",
      "datetime": "2026-01-24T00:09:24 to 2026-01-24T00:12:12",
      "start_time": "20260124 00:10:26.901",
      "end_time": "20260124 00:12:12.170",
      "running_time": "00:00:17.556",
      "failure_message": "",
      "error_details": "",
      "line_no": 14131
    },
    {
      "test_name": "test_t1_05_admin_verification_of_sources_in_benchsale",
      "status": "PASS",
      "date": "2026-01-23",
      "datetime": "2026-01-23T14:43:00 to 2026-01-23T14:44:42",
      "start_time": "20260123 14:44:03.343",
      "end_time": "20260123 14:44:42.872",
      "running_time": "00:00:17.688",
      "failure_message": "",
      "error_details": "",
      "line_no": 12382
    },
    {
      "test_name": "test_t1_05_admin_verification_of_sources_in_benchsale",
      "status": "PASS",
      "date": "2026-01-22",
      "datetime": "2026-01-22T00:08:44 to 2026-01-22T00:11:40",
      "start_time": "20260122 00:10:43.512",
      "end_time": "20260122 00:11:40.162",
      "running_time": "00:00:17.294",
      "failure_message": "",
      "error_details": "",
      "line_no": 10296
    },
    {
      "test_name": "test_t1_05_admin_verification_of_sources_in_benchsale",
      "status": "PASS",
      "date": "2026-01-21",
      "datetime": "2026-01-21T00:07:05 to 2026-01-21T00:09:34",
      "start_time": "20260121 00:08:44.504",
      "end_time": "20260121 00:09:34.206",
      "running_time": "00:00:17.446",
      "failure_message": "",
      "error_details": "",
      "line_no": 8558
    },
    {
      "test_name": "test_t1_05_admin_verification_of_sources_in_benchsale",
      "status": "PASS",
      "date": "2026-01-20",
      "datetime": "2026-01-20T00:05:57 to 2026-01-20T00:07:39",
      "start_time": "20260120 00:06:59.059",
      "end_time": "20260120 00:07:39.752",
      "running_time": "00:00:17.661",
      "failure_message": "",
      "error_details": "",
      "line_no": 5753
    }
  ],
  "test_t1_08_admin_verification_of_inactivating_and_activating_recruiter_in_benchsale": [
    {
      "test_name": "test_t1_08_admin_verification_of_inactivating_and_activating_recruiter_in_benchsale",
      "status": "PASS",
      "date": "2026-01-26",
      "datetime": "2026-01-26T00:09:36 to 2026-01-26T00:13:13",
      "start_time": "20260126 00:12:18.817",
      "end_time": "20260126 00:13:13.467",
      "running_time": "00:00:13.645",
      "failure_message": "",
      "error_details": "",
      "line_no": 15026
    },
    {
      "test_name": "test_t1_08_admin_verification_of_inactivating_and_activating_recruiter_in_benchsale",
      "status": "PASS",
      "date": "2026-01-24",
      "datetime": "2026-01-24T00:10:26 to 2026-01-24T00:13:03",
      "start_time": "20260124 00:12:24.186",
      "end_time": "20260124 00:13:03.112",
      "running_time": "00:00:14.089",
      "failure_message": "",
      "error_details": "",
      "line_no": 14165
    },
    {
      "test_name": "test_t1_08_admin_verification_of_inactivating_and_activating_recruiter_in_benchsale",
      "status": "PASS",
      "date": "2026-01-23",
      "datetime": "2026-01-23T14:44:03 to 2026-01-23T14:45:24",
      "start_time": "20260123 14:44:55.036",
      "end_time": "20260123 14:45:24.115",
      "running_time": "00:00:07.994",
      "failure_message": "",
      "error_details": "",
      "line_no": 12415
    },
    {
      "test_name": "test_t1_08_admin_verification_of_inactivating_and_activating_recruiter_in_benchsale",
      "status": "PASS",
      "date": "2026-01-22",
      "datetime": "2026-01-22T00:10:43 to 2026-01-22T00:12:49",
      "start_time": "20260122 00:11:43.232",
      "end_time": "20260122 00:12:49.165",
      "running_time": "00:00:16.493",
      "failure_message": "",
      "error_details": "",
      "line_no": 10328
    },
    {
      "test_name": "test_t1_08_admin_verification_of_inactivating_and_activating_recruiter_in_benchsale",
      "status": "PASS",
      "date": "2026-01-21",
      "datetime": "2026-01-21T00:08:44 to 2026-01-21T00:11:14",
      "start_time": "20260121 00:09:36.122",
      "end_time": "20260121 00:11:14.996",
      "running_time": "00:00:13.533",
      "failure_message": "",
      "error_details": "",
      "line_no": 8590
    },
    {
      "test_name": "test_t1_08_admin_verification_of_inactivating_and_activating_recruiter_in_benchsale",
      "status": "PASS",
      "date": "2026-01-20",
      "datetime": "2026-01-20T00:06:59 to 2026-01-20T00:08:18",
      "start_time": "20260120 00:07:41.707",
      "end_time": "20260120 00:08:18.032",
      "running_time": "00:00:13.982",
      "failure_message": "",
      "error_details": "",
      "line_no": 5785
    }
  ],
  "test_t1_09_admin_verification_of_inactivating_and_activating_candidate_in_benchsale": [
    {
      "test_name": "test_t1_09_admin_verification_of_inactivating_and_activating_candidate_in_benchsale",
      "status": "PASS",
      "date": "2026-01-26",
      "datetime": "2026-01-26T00:12:18 to 2026-01-26T00:14:37",
      "start_time": "20260126 00:13:25.565",
      "end_time": "20260126 00:14:37.545",
      "running_time": "00:00:16.154",
      "failure_message": "",
      "error_details": "",
      "line_no": 15059
    },
    {
      "test_name": "test_t1_09_admin_verification_of_inactivating_and_activating_candidate_in_benchsale",
      "status": "PASS",
      "date": "2026-01-25",
      "datetime": "2026-01-25T00:13:52 to 2026-01-25T00:15:55",
      "start_time": "20260125 00:14:50.223",
      "end_time": "20260125 00:15:55.659",
      "running_time": "00:00:18.099",
      "failure_message": "",
      "error_details": "",
      "line_no": 14632
    },
    {
      "test_name": "test_t1_09_admin_verification_of_inactivating_and_activating_candidate_in_benchsale",
      "status": "PASS",
      "date": "2026-01-24",
      "datetime": "2026-01-24T00:12:24 to 2026-01-24T00:14:08",
      "start_time": "20260124 00:13:15.185",
      "end_time": "20260124 00:14:08.372",
      "running_time": "00:00:17.524",
      "failure_message": "",
      "error_details": "",
      "line_no": 14198
    },
    {
      "test_name": "test_t1_09_admin_verification_of_inactivating_and_activating_candidate_in_benchsale",
      "status": "FAIL",
      "date": "2026-01-23",
      "datetime": "2026-01-23T14:44:55 to 2026-01-23T14:46:21",
      "start_time": "20260123 14:45:36.515",
      "end_time": "20260123 14:46:21.056",
      "running_time": "00:00:17.484",
      "failure_message": "Message: tests\\benchsale\\test_benchsale_admin_test_cases.py:1644: in test_t1_09_admin_verification_of_inactivating_and_activating_candidate_in_benchsale\nassert page.get_by_text(chosen_candidate_name, exact=False).count() == 0\nassert 1 == 0\n+  where 1 = <bound method Locator.count of <Locator frame=<Frame name= url='https://bs.jobsnprofiles.com/my-candidates'> selector='internal:text=\"Corey Wilson\"i'>>()\n+    where <bound method Locator.count of <Locator frame=<Frame name= url='https://bs.jobsnprofiles.com/my-candidates'> selector='internal:text=\"Corey Wilson\"i'>> = <Locator frame=<Frame name= url='https://bs.jobsnprofiles.com/my-candidates'> selector='internal:text=\"Corey Wilson\"i'>.count\n+      where <Locator frame=<Frame name= url='https://bs.jobsnprofiles.com/my-candidates'> selector='internal:text=\"Corey Wilson\"i'> = <bound method Page.get_by_text of <Page url='https://bs.jobsnprofiles.com/my-candidates'>>('Corey Wilson', exact=False)\n+        where <bound method Page.get_by_text of <Page url='https://bs.jobsnprofiles.com/my-candidates'>> = <Page url='https://bs.jobsnprofiles.com/my-candidates'>.get_by_text\n14:45:24.386\tINFO\tFailure artifacts saved:\n14:45:24.387\tINFO\t  URL: https://bs.jobsnprofiles.com/my-candidates\n14:45:24.387\tINFO\t  Screenshot: C:\\Users\\Nityainc\\OneDrive - Nitya Software Solutions Inc\\Desktop\\Automation_testing_pytest\\reports\\failures\\test_t1_09_admin_verification_of_inactivating_and_activating_candidate_in_benchsale_20260123_144524.png",
      "error_details": "Message: tests\\benchsale\\test_benchsale_admin_test_cases.py:1644: in test_t1_09_admin_verification_of_inactivating_and_activating_candidate_in_benchsale\nassert page.get_by_text(chosen_candidate_name, exact=False).count() == 0\nassert 1 == 0\n+  where 1 = <bound method Locator.count of <Locator frame=<Frame name= url='https://bs.jobsnprofiles.com/my-candidates'> selector='internal:text=\"Corey Wilson\"i'>>()\n+    where <bound method Locator.count of <Locator frame=<Frame name= url='https://bs.jobsnprofiles.com/my-candidates'> selector='internal:text=\"Corey Wilson\"i'>> = <Locator frame=<Frame name= url='https://bs.jobsnprofiles.com/my-candidates'> selector='internal:text=\"Corey Wilson\"i'>.count\n+      where <Locator frame=<Frame name= url='https://bs.jobsnprofiles.com/my-candidates'> selector='internal:text=\"Corey Wilson\"i'> = <bound method Page.get_by_text of <Page url='https://bs.jobsnprofiles.com/my-candidates'>>('Corey Wilson', exact=False)\n+        where <bound method Page.get_by_text of <Page url='https://bs.jobsnprofiles.com/my-candidates'>> = <Page url='https://bs.jobsnprofiles.com/my-candidates'>.get_by_text\n14:45:24.386\tINFO\tFailure artifacts saved:\n14:45:24.387\tINFO\t  URL: https://bs.jobsnprofiles.com/my-candidates\n14:45:24.387\tINFO\t  Screenshot: C:\\Users\\Nityainc\\OneDrive - Nitya Software Solutions Inc\\Desktop\\Automation_testing_pytest\\reports\\failures\\test_t1_09_admin_verification_of_inactivating_and_activating_candidate_in_benchsale_20260123_144524.png",
      "line_no": 12448
    },
    {
      "test_name": "test_t1_09_admin_verification_of_inactivating_and_activating_candidate_in_benchsale",
      "status": "PASS",
      "date": "2026-01-22",
      "datetime": "2026-01-22T00:11:43 to 2026-01-22T00:13:32",
      "start_time": "20260122 00:12:52.117",
      "end_time": "20260122 00:13:32.811",
      "running_time": "00:00:17.362",
      "failure_message": "",
      "error_details": "",
      "line_no": 10360
    },
    {
      "test_name": "test_t1_09_admin_verification_of_inactivating_and_activating_candidate_in_benchsale",
      "status": "PASS",
      "date": "2026-01-21",
      "datetime": "2026-01-21T00:09:36 to 2026-01-21T00:12:10",
      "start_time": "20260121 00:11:16.906",
      "end_time": "20260121 00:12:10.904",
      "running_time": "00:00:16.676",
      "failure_message": "",
      "error_details": "",
      "line_no": 8623
    },
    {
      "test_name": "test_t1_09_admin_verification_of_inactivating_and_activating_candidate_in_benchsale",
      "status": "PASS",
      "date": "2026-01-20",
      "datetime": "2026-01-20T00:07:41 to 2026-01-20T00:09:22",
      "start_time": "20260120 00:08:19.954",
      "end_time": "20260120 00:09:22.089",
      "running_time": "00:00:17.691",
      "failure_message": "",
      "error_details": "",
      "line_no": 5817
    }
  ],
  "test_t1_10_admin_verification_of_deleting_a_recruiter_in_benchsale": [
    {
      "test_name": "test_t1_10_admin_verification_of_deleting_a_recruiter_in_benchsale",
      "status": "PASS",
      "date": "2026-01-26",
      "datetime": "2026-01-26T00:13:25 to 2026-01-26T00:15:29",
      "start_time": "20260126 00:14:49.651",
      "end_time": "20260126 00:15:29.924",
      "running_time": "00:00:12.702",
      "failure_message": "",
      "error_details": "",
      "line_no": 15092
    },
    {
      "test_name": "test_t1_10_admin_verification_of_deleting_a_recruiter_in_benchsale",
      "status": "PASS",
      "date": "2026-01-25",
      "datetime": "2026-01-25T00:14:50 to 2026-01-25T00:16:45",
      "start_time": "20260125 00:16:07.739",
      "end_time": "20260125 00:16:45.915",
      "running_time": "00:00:12.619",
      "failure_message": "",
      "error_details": "",
      "line_no": 14665
    },
    {
      "test_name": "test_t1_10_admin_verification_of_deleting_a_recruiter_in_benchsale",
      "status": "PASS",
      "date": "2026-01-24",
      "datetime": "2026-01-24T00:13:15 to 2026-01-24T00:15:55",
      "start_time": "20260124 00:14:20.430",
      "end_time": "20260124 00:15:55.392",
      "running_time": "00:00:13.231",
      "failure_message": "",
      "error_details": "",
      "line_no": 14231
    },
    {
      "test_name": "test_t1_10_admin_verification_of_deleting_a_recruiter_in_benchsale",
      "status": "PASS",
      "date": "2026-01-23",
      "datetime": "2026-01-23T14:45:36 to 2026-01-23T14:47:11",
      "start_time": "20260123 14:46:33.294",
      "end_time": "20260123 14:47:11.023",
      "running_time": "00:00:12.882",
      "failure_message": "",
      "error_details": "",
      "line_no": 12481
    },
    {
      "test_name": "test_t1_10_admin_verification_of_deleting_a_recruiter_in_benchsale",
      "status": "PASS",
      "date": "2026-01-22",
      "datetime": "2026-01-22T00:12:52 to 2026-01-22T00:15:38",
      "start_time": "20260122 00:13:35.980",
      "end_time": "20260122 00:15:38.766",
      "running_time": "00:01:37.511",
      "failure_message": "",
      "error_details": "",
      "line_no": 10392
    },
    {
      "test_name": "test_t1_10_admin_verification_of_deleting_a_recruiter_in_benchsale",
      "status": "PASS",
      "date": "2026-01-21",
      "datetime": "2026-01-21T00:11:16 to 2026-01-21T00:12:49",
      "start_time": "20260121 00:12:12.780",
      "end_time": "20260121 00:12:49.593",
      "running_time": "00:00:12.707",
      "failure_message": "",
      "error_details": "",
      "line_no": 8655
    },
    {
      "test_name": "test_t1_10_admin_verification_of_deleting_a_recruiter_in_benchsale",
      "status": "PASS",
      "date": "2026-01-20",
      "datetime": "2026-01-20T00:08:19 to 2026-01-20T00:11:20",
      "start_time": "20260120 00:09:24.022",
      "end_time": "20260120 00:11:20.932",
      "running_time": "00:01:35.616",
      "failure_message": "",
      "error_details": "",
      "line_no": 5851
    }
  ],
  "test_t1_11_admin_verification_of_deleting_a_candidate_in_benchsale": [
    {
      "test_name": "test_t1_11_admin_verification_of_deleting_a_candidate_in_benchsale",
      "status": "PASS",
      "date": "2026-01-26",
      "datetime": "2026-01-26T00:14:49 to 2026-01-26T00:20:58",
      "start_time": "20260126 00:17:34.002",
      "end_time": "20260126 00:20:58.171",
      "running_time": "00:03:03.139",
      "failure_message": "",
      "error_details": "",
      "line_no": 15125
    },
    {
      "test_name": "test_t1_11_admin_verification_of_deleting_a_candidate_in_benchsale",
      "status": "PASS",
      "date": "2026-01-25",
      "datetime": "2026-01-25T00:16:07 to 2026-01-25T00:17:58",
      "start_time": "20260125 00:16:57.959",
      "end_time": "20260125 00:17:58.614",
      "running_time": "00:00:36.313",
      "failure_message": "",
      "error_details": "",
      "line_no": 14698
    },
    {
      "test_name": "test_t1_11_admin_verification_of_deleting_a_candidate_in_benchsale",
      "status": "PASS",
      "date": "2026-01-24",
      "datetime": "2026-01-24T00:14:20 to 2026-01-24T00:18:21",
      "start_time": "20260124 00:16:07.408",
      "end_time": "20260124 00:18:21.155",
      "running_time": "00:00:37.149",
      "failure_message": "",
      "error_details": "",
      "line_no": 14267
    },
    {
      "test_name": "test_t1_11_admin_verification_of_deleting_a_candidate_in_benchsale",
      "status": "PASS",
      "date": "2026-01-23",
      "datetime": "2026-01-23T14:46:33 to 2026-01-23T14:48:50",
      "start_time": "20260123 14:47:23.391",
      "end_time": "20260123 14:48:50.136",
      "running_time": "00:00:37.101",
      "failure_message": "",
      "error_details": "",
      "line_no": 12516
    },
    {
      "test_name": "test_t1_11_admin_verification_of_deleting_a_candidate_in_benchsale",
      "status": "SKIP",
      "date": "2026-01-22",
      "datetime": "2026-01-22T00:13:35 to 2026-01-22T00:16:50",
      "start_time": "20260122 00:15:47.063",
      "end_time": "20260122 00:16:50.465",
      "running_time": "00:00:36.883",
      "failure_message": "",
      "error_details": "",
      "line_no": 10422
    },
    {
      "test_name": "test_t1_11_admin_verification_of_deleting_a_candidate_in_benchsale",
      "status": "PASS",
      "date": "2026-01-21",
      "datetime": "2026-01-21T00:12:12 to 2026-01-21T00:13:57",
      "start_time": "20260121 00:12:51.507",
      "end_time": "20260121 00:13:57.508",
      "running_time": "00:00:36.900",
      "failure_message": "",
      "error_details": "",
      "line_no": 8687
    },
    {
      "test_name": "test_t1_11_admin_verification_of_deleting_a_candidate_in_benchsale",
      "status": "SKIP",
      "date": "2026-01-20",
      "datetime": "2026-01-20T00:09:24 to 2026-01-20T00:12:13",
      "start_time": "20260120 00:11:22.851",
      "end_time": "20260120 00:12:13.340",
      "running_time": "00:00:21.507",
      "failure_message": "",
      "error_details": "",
      "line_no": 5879
    }
  ],
  "test_t1_12_admin_verification_of_allocating_candidate_under_recruiter_and_verify_in_recruiter_profile": [
    {
      "test_name": "test_t1_12_admin_verification_of_allocating_candidate_under_recruiter_and_verify_in_recruiter_profile",
      "status": "PASS",
      "date": "2026-01-25",
      "datetime": "2026-01-25T00:16:57 to 2026-01-25T00:22:10",
      "start_time": "20260125 00:18:10.675",
      "end_time": "20260125 00:22:10.095",
      "running_time": "00:03:11.572",
      "failure_message": "",
      "error_details": "",
      "line_no": 14731
    },
    {
      "test_name": "test_t1_12_admin_verification_of_allocating_candidate_under_recruiter_and_verify_in_recruiter_profile",
      "status": "PASS",
      "date": "2026-01-24",
      "datetime": "2026-01-24T00:16:07 to 2026-01-24T00:21:55",
      "start_time": "20260124 00:18:33.205",
      "end_time": "20260124 00:21:55.490",
      "running_time": "00:03:00.404",
      "failure_message": "",
      "error_details": "",
      "line_no": 14301
    },
    {
      "test_name": "test_t1_12_admin_verification_of_allocating_candidate_under_recruiter_and_verify_in_recruiter_profile",
      "status": "PASS",
      "date": "2026-01-23",
      "datetime": "2026-01-23T14:47:23 to 2026-01-23T14:51:46",
      "start_time": "20260123 14:49:02.388",
      "end_time": "20260123 14:51:46.098",
      "running_time": "00:02:20.342",
      "failure_message": "",
      "error_details": "",
      "line_no": 12549
    },
    {
      "test_name": "test_t1_12_admin_verification_of_allocating_candidate_under_recruiter_and_verify_in_recruiter_profile",
      "status": "PASS",
      "date": "2026-01-22",
      "datetime": "2026-01-22T00:15:47 to 2026-01-22T00:20:18",
      "start_time": "20260122 00:16:54.232",
      "end_time": "20260122 00:20:18.381",
      "running_time": "00:02:20.121",
      "failure_message": "",
      "error_details": "",
      "line_no": 10455
    },
    {
      "test_name": "test_t1_12_admin_verification_of_allocating_candidate_under_recruiter_and_verify_in_recruiter_profile",
      "status": "PASS",
      "date": "2026-01-21",
      "datetime": "2026-01-21T00:12:51 to 2026-01-21T00:17:08",
      "start_time": "20260121 00:13:59.423",
      "end_time": "20260121 00:17:08.516",
      "running_time": "00:02:16.150",
      "failure_message": "",
      "error_details": "",
      "line_no": 8721
    },
    {
      "test_name": "test_t1_12_admin_verification_of_allocating_candidate_under_recruiter_and_verify_in_recruiter_profile",
      "status": "PASS",
      "date": "2026-01-20",
      "datetime": "2026-01-20T00:11:22 to 2026-01-20T00:14:54",
      "start_time": "20260120 00:12:15.290",
      "end_time": "20260120 00:14:54.964",
      "running_time": "00:02:16.851",
      "failure_message": "",
      "error_details": "",
      "line_no": 5912
    }
  ],
  "test_t1_13_admin_verification_of_candidates_in_submission_job_flow": [
    {
      "test_name": "test_t1_13_admin_verification_of_candidates_in_submission_job_flow",
      "status": "PASS",
      "date": "2026-01-26",
      "datetime": "2026-01-26T00:17:34 to 2026-01-26T00:21:10",
      "start_time": "20260126 00:02:04.096",
      "end_time": "20260126 00:21:10.630",
      "running_time": "00:19:06.533",
      "failure_message": "",
      "error_details": "",
      "line_no": 15176
    },
    {
      "test_name": "test_t1_13_admin_verification_of_candidates_in_submission_job_flow",
      "status": "PASS",
      "date": "2026-01-25",
      "datetime": "2026-01-25T00:18:10 to 2026-01-26T00:03:29",
      "start_time": "20260126 00:02:11.468",
      "end_time": "20260126 00:03:29.592",
      "running_time": "00:00:34.346",
      "failure_message": "",
      "error_details": "",
      "line_no": 14764
    },
    {
      "test_name": "test_t1_13_admin_verification_of_candidates_in_submission_job_flow",
      "status": "PASS",
      "date": "2026-01-24",
      "datetime": "2026-01-24T00:18:33 to 2026-01-25T00:04:09",
      "start_time": "20260125 00:02:11.146",
      "end_time": "20260125 00:04:09.145",
      "running_time": "00:00:35.995",
      "failure_message": "",
      "error_details": "",
      "line_no": 14334
    },
    {
      "test_name": "test_t1_13_admin_verification_of_candidates_in_submission_job_flow",
      "status": "FAIL",
      "date": "2026-01-23",
      "datetime": "2026-01-23T14:49:02 to 2026-01-24T00:04:04",
      "start_time": "20260124 00:03:22.005",
      "end_time": "20260124 00:04:04.318",
      "running_time": "00:00:13.499",
      "failure_message": "Message: tests\\benchsale\\test_benchsale_admin_test_cases.py:4251: in test_t1_13_admin_verification_of_candidates_in_submission_job_flow\nraise AssertionError(\"Final message (Congratulations or Rejected) not found after email submission. Checked multiple selectors and page content.\")\nAssertionError: Final message (Congratulations or Rejected) not found after email submission. Checked multiple selectors and page content.\n14:51:46.367\tINFO\tFailure artifacts saved:\n14:51:46.367\tINFO\t  URL: https://bs.jobsnprofiles.com/my-candidates\n14:51:46.367\tINFO\t  Screenshot: C:\\Users\\Nityainc\\OneDrive - Nitya Software Solutions Inc\\Desktop\\Automation_testing_pytest\\reports\\failures\\test_t1_13_admin_verification_of_candidates_in_submission_job_flow_20260123_145146.png\n14:51:46.367\tINFO\t  HTML: C:\\Users\\Nityainc\\OneDrive - Nitya Software Solutions Inc\\Desktop\\Automation_testing_pytest\\reports\\failures\\test_t1_13_admin_verification_of_candidates_in_submission_job_flow_20260123_145146.html\n14:51:46.367\tINFO\t  URL file: C:\\Users\\Nityainc\\OneDrive - Nitya Software Solutions Inc\\Desktop\\Automation_testing_pytest\\reports\\failures\\test_t1_13_admin_verification_of_candidates_in_submission_job_flow_20260123_145146.url.txt\nError details:\ntests\\benchsale\\test_benchsale_admin_test_cases.py:4251: in test_t1_13_admin_verification_of_candidates_in_submission_job_flow",
      "error_details": "Message: tests\\benchsale\\test_benchsale_admin_test_cases.py:4251: in test_t1_13_admin_verification_of_candidates_in_submission_job_flow\nraise AssertionError(\"Final message (Congratulations or Rejected) not found after email submission. Checked multiple selectors and page content.\")\nAssertionError: Final message (Congratulations or Rejected) not found after email submission. Checked multiple selectors and page content.\n14:51:46.367\tINFO\tFailure artifacts saved:\n14:51:46.367\tINFO\t  URL: https://bs.jobsnprofiles.com/my-candidates\n14:51:46.367\tINFO\t  Screenshot: C:\\Users\\Nityainc\\OneDrive - Nitya Software Solutions Inc\\Desktop\\Automation_testing_pytest\\reports\\failures\\test_t1_13_admin_verification_of_candidates_in_submission_job_flow_20260123_145146.png\n14:51:46.367\tINFO\t  HTML: C:\\Users\\Nityainc\\OneDrive - Nitya Software Solutions Inc\\Desktop\\Automation_testing_pytest\\reports\\failures\\test_t1_13_admin_verification_of_candidates_in_submission_job_flow_20260123_145146.html\n14:51:46.367\tINFO\t  URL file: C:\\Users\\Nityainc\\OneDrive - Nitya Software Solutions Inc\\Desktop\\Automation_testing_pytest\\reports\\failures\\test_t1_13_admin_verification_of_candidates_in_submission_job_flow_20260123_145146.url.txt\nError details:\ntests\\benchsale\\test_benchsale_admin_test_cases.py:4251: in test_t1_13_admin_verification_of_candidates_in_submission_job_flow",
      "line_no": 12578
    },
    {
      "test_name": "test_t1_13_admin_verification_of_candidates_in_submission_job_flow",
      "status": "FAIL",
      "date": "2026-01-22",
      "datetime": "2026-01-22T00:16:54 to 2026-01-22T00:20:34",
      "start_time": "20260122 00:02:06.390",
      "end_time": "20260122 00:20:34.723",
      "running_time": "00:18:28.334",
      "failure_message": "Message: tests\\benchsale\\test_benchsale_admin_test_cases.py:4251: in test_t1_13_admin_verification_of_candidates_in_submission_job_flow\nraise AssertionError(\"Final message (Congratulations or Rejected) not found after email submission. Checked multiple selectors and page content.\")\nAssertionError: Final message (Congratulations or Rejected) not found after email submission. Checked multiple selectors and page content.\n00:20:20.756\tINFO\tFailure artifacts saved:\n00:20:20.756\tINFO\t  URL: https://bs.jobsnprofiles.com/my-candidates\n00:20:20.757\tINFO\t  Screenshot: C:\\Users\\Nityainc\\OneDrive - Nitya Software Solutions Inc\\Desktop\\Automation_testing_pytest\\reports\\failures\\test_t1_13_admin_verification_of_candidates_in_submission_job_flow_20260122_002018.png\n00:20:20.757\tINFO\t  HTML: C:\\Users\\Nityainc\\OneDrive - Nitya Software Solutions Inc\\Desktop\\Automation_testing_pytest\\reports\\failures\\test_t1_13_admin_verification_of_candidates_in_submission_job_flow_20260122_002018.html\n00:20:20.757\tINFO\t  URL file: C:\\Users\\Nityainc\\OneDrive - Nitya Software Solutions Inc\\Desktop\\Automation_testing_pytest\\reports\\failures\\test_t1_13_admin_verification_of_candidates_in_submission_job_flow_20260122_002018.url.txt\nError details:\ntests\\benchsale\\test_benchsale_admin_test_cases.py:4251: in test_t1_13_admin_verification_of_candidates_in_submission_job_flow",
      "error_details": "Message: tests\\benchsale\\test_benchsale_admin_test_cases.py:4251: in test_t1_13_admin_verification_of_candidates_in_submission_job_flow\nraise AssertionError(\"Final message (Congratulations or Rejected) not found after email submission. Checked multiple selectors and page content.\")\nAssertionError: Final message (Congratulations or Rejected) not found after email submission. Checked multiple selectors and page content.\n00:20:20.756\tINFO\tFailure artifacts saved:\n00:20:20.756\tINFO\t  URL: https://bs.jobsnprofiles.com/my-candidates\n00:20:20.757\tINFO\t  Screenshot: C:\\Users\\Nityainc\\OneDrive - Nitya Software Solutions Inc\\Desktop\\Automation_testing_pytest\\reports\\failures\\test_t1_13_admin_verification_of_candidates_in_submission_job_flow_20260122_002018.png\n00:20:20.757\tINFO\t  HTML: C:\\Users\\Nityainc\\OneDrive - Nitya Software Solutions Inc\\Desktop\\Automation_testing_pytest\\reports\\failures\\test_t1_13_admin_verification_of_candidates_in_submission_job_flow_20260122_002018.html\n00:20:20.757\tINFO\t  URL file: C:\\Users\\Nityainc\\OneDrive - Nitya Software Solutions Inc\\Desktop\\Automation_testing_pytest\\reports\\failures\\test_t1_13_admin_verification_of_candidates_in_submission_job_flow_20260122_002018.url.txt\nError details:\ntests\\benchsale\\test_benchsale_admin_test_cases.py:4251: in test_t1_13_admin_verification_of_candidates_in_submission_job_flow",
      "line_no": 10483
    },
    {
      "test_name": "test_t1_13_admin_verification_of_candidates_in_submission_job_flow",
      "status": "FAIL",
      "date": "2026-01-21",
      "datetime": "2026-01-21T00:13:59 to 2026-01-21T00:17:10",
      "start_time": "20260121 00:02:03.512",
      "end_time": "20260121 00:17:10.952",
      "running_time": "00:15:07.441",
      "failure_message": "Message: tests\\benchsale\\test_benchsale_admin_test_cases.py:4251: in test_t1_13_admin_verification_of_candidates_in_submission_job_flow\nraise AssertionError(\"Final message (Congratulations or Rejected) not found after email submission. Checked multiple selectors and page content.\")\nAssertionError: Final message (Congratulations or Rejected) not found after email submission. Checked multiple selectors and page content.\n00:17:08.800\tINFO\tFailure artifacts saved:\n00:17:08.801\tINFO\t  URL: https://bs.jobsnprofiles.com/my-candidates\n00:17:08.802\tINFO\t  Screenshot: C:\\Users\\Nityainc\\OneDrive - Nitya Software Solutions Inc\\Desktop\\Automation_testing_pytest\\reports\\failures\\test_t1_13_admin_verification_of_candidates_in_submission_job_flow_20260121_001708.png\n00:17:08.803\tINFO\t  HTML: C:\\Users\\Nityainc\\OneDrive - Nitya Software Solutions Inc\\Desktop\\Automation_testing_pytest\\reports\\failures\\test_t1_13_admin_verification_of_candidates_in_submission_job_flow_20260121_001708.html\n00:17:08.803\tINFO\t  URL file: C:\\Users\\Nityainc\\OneDrive - Nitya Software Solutions Inc\\Desktop\\Automation_testing_pytest\\reports\\failures\\test_t1_13_admin_verification_of_candidates_in_submission_job_flow_20260121_001708.url.txt\nError details:\ntests\\benchsale\\test_benchsale_admin_test_cases.py:4251: in test_t1_13_admin_verification_of_candidates_in_submission_job_flow",
      "error_details": "Message: tests\\benchsale\\test_benchsale_admin_test_cases.py:4251: in test_t1_13_admin_verification_of_candidates_in_submission_job_flow\nraise AssertionError(\"Final message (Congratulations or Rejected) not found after email submission. Checked multiple selectors and page content.\")\nAssertionError: Final message (Congratulations or Rejected) not found after email submission. Checked multiple selectors and page content.\n00:17:08.800\tINFO\tFailure artifacts saved:\n00:17:08.801\tINFO\t  URL: https://bs.jobsnprofiles.com/my-candidates\n00:17:08.802\tINFO\t  Screenshot: C:\\Users\\Nityainc\\OneDrive - Nitya Software Solutions Inc\\Desktop\\Automation_testing_pytest\\reports\\failures\\test_t1_13_admin_verification_of_candidates_in_submission_job_flow_20260121_001708.png\n00:17:08.803\tINFO\t  HTML: C:\\Users\\Nityainc\\OneDrive - Nitya Software Solutions Inc\\Desktop\\Automation_testing_pytest\\reports\\failures\\test_t1_13_admin_verification_of_candidates_in_submission_job_flow_20260121_001708.html\n00:17:08.803\tINFO\t  URL file: C:\\Users\\Nityainc\\OneDrive - Nitya Software Solutions Inc\\Desktop\\Automation_testing_pytest\\reports\\failures\\test_t1_13_admin_verification_of_candidates_in_submission_job_flow_20260121_001708.url.txt\nError details:\ntests\\benchsale\\test_benchsale_admin_test_cases.py:4251: in test_t1_13_admin_verification_of_candidates_in_submission_job_flow",
      "line_no": 8749
    },
    {
      "test_name": "test_t1_13_admin_verification_of_candidates_in_submission_job_flow",
      "status": "FAIL",
      "date": "2026-01-20",
      "datetime": "2026-01-20T00:12:15 to 2026-01-20T00:14:57",
      "start_time": "20260120 00:02:02.387",
      "end_time": "20260120 00:14:57.475",
      "running_time": "00:12:55.088",
      "failure_message": "Message: tests\\benchsale\\test_benchsale_admin_test_cases.py:4193: in test_t1_13_admin_verification_of_candidates_in_submission_job_flow\nraise AssertionError(\"Final message (Congratulations or Rejected) not found after email submission. Checked multiple selectors and page content.\")\nAssertionError: Final message (Congratulations or Rejected) not found after email submission. Checked multiple selectors and page content.\n00:14:55.238\tINFO\tFailure artifacts saved:\n00:14:55.240\tINFO\t  URL: https://bs.jobsnprofiles.com/my-candidates\n00:14:55.240\tINFO\t  Screenshot: C:\\Users\\Nityainc\\OneDrive - Nitya Software Solutions Inc\\Desktop\\Automation_testing_pytest\\reports\\failures\\test_t1_13_admin_verification_of_candidates_in_submission_job_flow_20260120_001454.png\n00:14:55.240\tINFO\t  HTML: C:\\Users\\Nityainc\\OneDrive - Nitya Software Solutions Inc\\Desktop\\Automation_testing_pytest\\reports\\failures\\test_t1_13_admin_verification_of_candidates_in_submission_job_flow_20260120_001454.html\n00:14:55.240\tINFO\t  URL file: C:\\Users\\Nityainc\\OneDrive - Nitya Software Solutions Inc\\Desktop\\Automation_testing_pytest\\reports\\failures\\test_t1_13_admin_verification_of_candidates_in_submission_job_flow_20260120_001454.url.txt\nError details:\ntests\\benchsale\\test_benchsale_admin_test_cases.py:4193: in test_t1_13_admin_verification_of_candidates_in_submission_job_flow",
      "error_details": "Message: tests\\benchsale\\test_benchsale_admin_test_cases.py:4193: in test_t1_13_admin_verification_of_candidates_in_submission_job_flow\nraise AssertionError(\"Final message (Congratulations or Rejected) not found after email submission. Checked multiple selectors and page content.\")\nAssertionError: Final message (Congratulations or Rejected) not found after email submission. Checked multiple selectors and page content.\n00:14:55.238\tINFO\tFailure artifacts saved:\n00:14:55.240\tINFO\t  URL: https://bs.jobsnprofiles.com/my-candidates\n00:14:55.240\tINFO\t  Screenshot: C:\\Users\\Nityainc\\OneDrive - Nitya Software Solutions Inc\\Desktop\\Automation_testing_pytest\\reports\\failures\\test_t1_13_admin_verification_of_candidates_in_submission_job_flow_20260120_001454.png\n00:14:55.240\tINFO\t  HTML: C:\\Users\\Nityainc\\OneDrive - Nitya Software Solutions Inc\\Desktop\\Automation_testing_pytest\\reports\\failures\\test_t1_13_admin_verification_of_candidates_in_submission_job_flow_20260120_001454.html\n00:14:55.240\tINFO\t  URL file: C:\\Users\\Nityainc\\OneDrive - Nitya Software Solutions Inc\\Desktop\\Automation_testing_pytest\\reports\\failures\\test_t1_13_admin_verification_of_candidates_in_submission_job_flow_20260120_001454.url.txt\nError details:\ntests\\benchsale\\test_benchsale_admin_test_cases.py:4193: in test_t1_13_admin_verification_of_candidates_in_submission_job_flow",
      "line_no": 5940
    }
  ]
}